<?xml version="1.0" encoding="UTF-8"?>
<!-- Generated by org.testng.reporters.JUnitXMLReporter -->
<testsuite ignored="0" hostname="LAPTOP-5GU9F064" failures="0" tests="4" name="Surefire test" time="8.734" errors="0" timestamp="2024-02-07T00:57:49 IST">
  <testcase classname="api.test.UserTest$UserTests" name="testPostUser" time="3.115"/>
  <testcase classname="api.test.UserTest$UserTests" name="testGetUserUserByName" time="1.361"/>
  <testcase classname="api.test.UserTest$UserTests" name="testUpdateUserByName" time="2.693"/>
  <testcase classname="api.test.UserTest$UserTests" name="deleteUserByName" time="1.348"/>
</testsuite> <!-- Surefire test -->
