<?xml version="1.0" encoding="UTF-8"?>
<testng-results ignored="0" total="4" passed="4" failed="0" skipped="0">
  <reporter-output>
  </reporter-output>
  <suite started-at="2024-02-07T00:57:40 IST" name="Surefire suite" finished-at="2024-02-07T00:57:49 IST" duration-ms="8734">
    <groups>
    </groups>
    <test started-at="2024-02-07T00:57:40 IST" name="Surefire test" finished-at="2024-02-07T00:57:49 IST" duration-ms="8734">
      <class name="api.test.UserTest$UserTests">
        <test-method is-config="true" signature="setupData()[pri:0, instance:api.test.UserTest$UserTests@15b204a1]" started-at="2024-02-07T00:57:40 IST" name="setupData" finished-at="2024-02-07T00:57:40 IST" duration-ms="174" status="PASS">
          <reporter-output>
          </reporter-output>
        </test-method> <!-- setupData -->
        <test-method signature="testPostUser()[pri:1, instance:api.test.UserTest$UserTests@15b204a1]" started-at="2024-02-07T00:57:40 IST" name="testPostUser" finished-at="2024-02-07T00:57:43 IST" duration-ms="3115" status="PASS">
          <reporter-output>
          </reporter-output>
        </test-method> <!-- testPostUser -->
        <test-method signature="testGetUserUserByName()[pri:2, instance:api.test.UserTest$UserTests@15b204a1]" started-at="2024-02-07T00:57:43 IST" name="testGetUserUserByName" finished-at="2024-02-07T00:57:45 IST" duration-ms="1361" status="PASS">
          <reporter-output>
          </reporter-output>
        </test-method> <!-- testGetUserUserByName -->
        <test-method signature="testUpdateUserByName()[pri:3, instance:api.test.UserTest$UserTests@15b204a1]" started-at="2024-02-07T00:57:45 IST" name="testUpdateUserByName" finished-at="2024-02-07T00:57:47 IST" duration-ms="2693" status="PASS">
          <reporter-output>
          </reporter-output>
        </test-method> <!-- testUpdateUserByName -->
        <test-method signature="deleteUserByName()[pri:4, instance:api.test.UserTest$UserTests@15b204a1]" started-at="2024-02-07T00:57:47 IST" name="deleteUserByName" finished-at="2024-02-07T00:57:49 IST" duration-ms="1348" status="PASS">
          <reporter-output>
          </reporter-output>
        </test-method> <!-- deleteUserByName -->
      </class> <!-- api.test.UserTest$UserTests -->
    </test> <!-- Surefire test -->
  </suite> <!-- Surefire suite -->
</testng-results>
