<?xml version="1.0" encoding="UTF-8"?>
<testng-results ignored="0" total="4" passed="4" failed="0" skipped="0">
  <reporter-output>
  </reporter-output>
  <suite started-at="2024-02-07T00:51:11 IST" name="Default suite" finished-at="2024-02-07T00:51:19 IST" duration-ms="8814">
    <groups>
    </groups>
    <test started-at="2024-02-07T00:51:11 IST" name="Default test" finished-at="2024-02-07T00:51:19 IST" duration-ms="8814">
      <class name="api.test.UserTest$UserTests">
        <test-method is-config="true" signature="setupData()[pri:0, instance:api.test.UserTest$UserTests@3023df74]" started-at="2024-02-07T00:51:11 IST" name="setupData" finished-at="2024-02-07T00:51:11 IST" duration-ms="171" status="PASS">
          <reporter-output>
          </reporter-output>
        </test-method> <!-- setupData -->
        <test-method signature="testPostUser()[pri:1, instance:api.test.UserTest$UserTests@3023df74]" started-at="2024-02-07T00:51:11 IST" name="testPostUser" finished-at="2024-02-07T00:51:14 IST" duration-ms="3022" status="PASS">
          <reporter-output>
          </reporter-output>
        </test-method> <!-- testPostUser -->
        <test-method signature="testGetUserUserByName()[pri:2, instance:api.test.UserTest$UserTests@3023df74]" started-at="2024-02-07T00:51:14 IST" name="testGetUserUserByName" finished-at="2024-02-07T00:51:15 IST" duration-ms="1486" status="PASS">
          <reporter-output>
          </reporter-output>
        </test-method> <!-- testGetUserUserByName -->
        <test-method signature="testUpdateUserByName()[pri:3, instance:api.test.UserTest$UserTests@3023df74]" started-at="2024-02-07T00:51:15 IST" name="testUpdateUserByName" finished-at="2024-02-07T00:51:18 IST" duration-ms="2818" status="PASS">
          <reporter-output>
          </reporter-output>
        </test-method> <!-- testUpdateUserByName -->
        <test-method signature="deleteUserByName()[pri:4, instance:api.test.UserTest$UserTests@3023df74]" started-at="2024-02-07T00:51:18 IST" name="deleteUserByName" finished-at="2024-02-07T00:51:19 IST" duration-ms="1253" status="PASS">
          <reporter-output>
          </reporter-output>
        </test-method> <!-- deleteUserByName -->
      </class> <!-- api.test.UserTest$UserTests -->
    </test> <!-- Default test -->
  </suite> <!-- Default suite -->
</testng-results>
